###################################################################
## Fichier journal pour l'application: 'Administration'          ##
## Date de création:        [30/08/2013 19:30:00]                ##
###################################################################

##=================================================================
[30/08/2013 19:30:00] INFO: Début des écritures dans le journal
##~~~~~~~~~~~~~~~~~~~~~~~~~~~~~~~~~~~~~~~~~~~~~~~~~~~~~~~~~~~~~~~~~

[30/08/2013 19:32:35] INFO: Déconnexion de l''utilisateur: Minne HOEVE [ADMIN](id=3)

##~~~~~~~~~~~~~~~~~~~~~~~~~~~~~~~~~~~~~~~~~~~~~~~~~~~~~~~~~~~~~~~~~
[30/08/2013 20:16:45] INFO: Fin des écritures dans le journal
##=================================================================

##=================================================================
[02/09/2013 13:14:00] INFO: Début des écritures dans le journal
##~~~~~~~~~~~~~~~~~~~~~~~~~~~~~~~~~~~~~~~~~~~~~~~~~~~~~~~~~~~~~~~~~

[02/09/2013 13:14:00] INFO: Chargement du fichier des codes postaux
[02/09/2013 13:14:00] INFO: Fichier des codes postaux chargé

##~~~~~~~~~~~~~~~~~~~~~~~~~~~~~~~~~~~~~~~~~~~~~~~~~~~~~~~~~~~~~~~~~
[02/09/2013 13:14:02] INFO: Fin des écritures dans le journal
##=================================================================

##=================================================================
[02/09/2013 13:14:06] INFO: Début des écritures dans le journal
##~~~~~~~~~~~~~~~~~~~~~~~~~~~~~~~~~~~~~~~~~~~~~~~~~~~~~~~~~~~~~~~~~

[02/09/2013 13:14:06] INFO: Chargement du fichier des codes postaux
[02/09/2013 13:14:06] INFO: Fichier des codes postaux chargé

##~~~~~~~~~~~~~~~~~~~~~~~~~~~~~~~~~~~~~~~~~~~~~~~~~~~~~~~~~~~~~~~~~
[02/09/2013 13:18:43] INFO: Fin des écritures dans le journal
##=================================================================

##=================================================================
[02/09/2013 13:22:04] INFO: Début des écritures dans le journal
##~~~~~~~~~~~~~~~~~~~~~~~~~~~~~~~~~~~~~~~~~~~~~~~~~~~~~~~~~~~~~~~~~

[02/09/2013 13:22:04] INFO: Chargement du fichier des codes postaux
[02/09/2013 13:22:05] INFO: Fichier des codes postaux chargé
[02/09/2013 13:22:31] WARNING: Utilisateur non trouvé
[02/09/2013 13:22:31] WARNING: Tentative d''accès à une page sécurisée pour l''utilisateur: Anonyme [Page="/restricted/admin/index"]
[02/09/2013 13:22:32] INFO: Connexion de l''utilisateur: Brian GOHIER [ADMIN](id=1)
[02/09/2013 13:22:40] INFO: Déconnexion de l''utilisateur: Brian GOHIER [ADMIN](id=1)
[02/09/2013 13:22:45] INFO: Connexion de l''utilisateur: Brian GOHIER [ADMIN](id=1)

##~~~~~~~~~~~~~~~~~~~~~~~~~~~~~~~~~~~~~~~~~~~~~~~~~~~~~~~~~~~~~~~~~
[02/09/2013 13:23:59] INFO: Fin des écritures dans le journal
##=================================================================

##=================================================================
[02/09/2013 13:24:13] INFO: Début des écritures dans le journal
##~~~~~~~~~~~~~~~~~~~~~~~~~~~~~~~~~~~~~~~~~~~~~~~~~~~~~~~~~~~~~~~~~

[02/09/2013 13:24:13] INFO: Chargement du fichier des codes postaux
[02/09/2013 13:24:13] INFO: Fichier des codes postaux chargé

##~~~~~~~~~~~~~~~~~~~~~~~~~~~~~~~~~~~~~~~~~~~~~~~~~~~~~~~~~~~~~~~~~
[02/09/2013 13:24:15] INFO: Fin des écritures dans le journal
##=================================================================

##=================================================================
[02/09/2013 13:24:17] INFO: Début des écritures dans le journal
##~~~~~~~~~~~~~~~~~~~~~~~~~~~~~~~~~~~~~~~~~~~~~~~~~~~~~~~~~~~~~~~~~

[02/09/2013 13:24:17] INFO: Chargement du fichier des codes postaux
[02/09/2013 13:24:18] INFO: Fichier des codes postaux chargé

##~~~~~~~~~~~~~~~~~~~~~~~~~~~~~~~~~~~~~~~~~~~~~~~~~~~~~~~~~~~~~~~~~
[02/09/2013 13:24:26] INFO: Fin des écritures dans le journal
##=================================================================

##=================================================================
[02/09/2013 13:24:28] INFO: Début des écritures dans le journal
##~~~~~~~~~~~~~~~~~~~~~~~~~~~~~~~~~~~~~~~~~~~~~~~~~~~~~~~~~~~~~~~~~

[02/09/2013 13:24:28] INFO: Chargement du fichier des codes postaux
[02/09/2013 13:24:29] INFO: Fichier des codes postaux chargé

##~~~~~~~~~~~~~~~~~~~~~~~~~~~~~~~~~~~~~~~~~~~~~~~~~~~~~~~~~~~~~~~~~
[02/09/2013 13:24:40] INFO: Fin des écritures dans le journal
##=================================================================

##=================================================================
[02/09/2013 13:25:39] INFO: Début des écritures dans le journal
##~~~~~~~~~~~~~~~~~~~~~~~~~~~~~~~~~~~~~~~~~~~~~~~~~~~~~~~~~~~~~~~~~

[02/09/2013 13:25:39] INFO: Chargement du fichier des codes postaux
[02/09/2013 13:25:39] INFO: Fichier des codes postaux chargé

##~~~~~~~~~~~~~~~~~~~~~~~~~~~~~~~~~~~~~~~~~~~~~~~~~~~~~~~~~~~~~~~~~
[02/09/2013 13:25:42] INFO: Fin des écritures dans le journal
##=================================================================

##=================================================================
[02/09/2013 13:25:46] INFO: Début des écritures dans le journal
##~~~~~~~~~~~~~~~~~~~~~~~~~~~~~~~~~~~~~~~~~~~~~~~~~~~~~~~~~~~~~~~~~

[02/09/2013 13:25:46] INFO: Chargement du fichier des codes postaux
[02/09/2013 13:25:46] INFO: Fichier des codes postaux chargé
[02/09/2013 13:26:20] WARNING: Utilisateur non trouvé
[02/09/2013 13:26:20] WARNING: Tentative d''accès à une page sécurisée pour l''utilisateur: Anonyme [Page="/restricted/admin/data/client/list"]
[02/09/2013 13:26:21] WARNING: Utilisateur non trouvé
[02/09/2013 13:26:21] WARNING: Tentative d''accès à une page sécurisée pour l''utilisateur: Anonyme [Page="/restricted/admin/data/client/list"]
[02/09/2013 13:26:22] WARNING: Utilisateur non trouvé
[02/09/2013 13:26:22] WARNING: Tentative d''accès à une page sécurisée pour l''utilisateur: Anonyme [Page="/restricted/admin/data/client/list"]
[02/09/2013 13:26:24] INFO: Connexion de l''utilisateur: Brian GOHIER [ADMIN](id=1)

##~~~~~~~~~~~~~~~~~~~~~~~~~~~~~~~~~~~~~~~~~~~~~~~~~~~~~~~~~~~~~~~~~
[02/09/2013 13:30:18] INFO: Fin des écritures dans le journal
##=================================================================

##=================================================================
[02/09/2013 13:39:35] INFO: Début des écritures dans le journal
##~~~~~~~~~~~~~~~~~~~~~~~~~~~~~~~~~~~~~~~~~~~~~~~~~~~~~~~~~~~~~~~~~

[02/09/2013 13:39:35] INFO: Chargement du fichier des codes postaux
[02/09/2013 13:39:35] INFO: Fichier des codes postaux chargé

##=================================================================
[02/09/2013 13:54:03] INFO: Début des écritures dans le journal
##~~~~~~~~~~~~~~~~~~~~~~~~~~~~~~~~~~~~~~~~~~~~~~~~~~~~~~~~~~~~~~~~~

[02/09/2013 13:54:03] INFO: Chargement du fichier des codes postaux
[02/09/2013 13:54:03] INFO: Fichier des codes postaux chargé

##~~~~~~~~~~~~~~~~~~~~~~~~~~~~~~~~~~~~~~~~~~~~~~~~~~~~~~~~~~~~~~~~~
[02/09/2013 13:59:50] INFO: Fin des écritures dans le journal
##=================================================================

##=================================================================
[02/09/2013 14:00:15] INFO: Début des écritures dans le journal
##~~~~~~~~~~~~~~~~~~~~~~~~~~~~~~~~~~~~~~~~~~~~~~~~~~~~~~~~~~~~~~~~~

[02/09/2013 14:00:15] INFO: Chargement du fichier des codes postaux
[02/09/2013 14:00:16] INFO: Fichier des codes postaux chargé

##~~~~~~~~~~~~~~~~~~~~~~~~~~~~~~~~~~~~~~~~~~~~~~~~~~~~~~~~~~~~~~~~~
[02/09/2013 14:02:26] INFO: Fin des écritures dans le journal
##=================================================================

##=================================================================
[02/09/2013 14:02:54] INFO: Début des écritures dans le journal
##~~~~~~~~~~~~~~~~~~~~~~~~~~~~~~~~~~~~~~~~~~~~~~~~~~~~~~~~~~~~~~~~~

[02/09/2013 14:02:54] INFO: Chargement du fichier des codes postaux
[02/09/2013 14:02:54] INFO: Fichier des codes postaux chargé

##~~~~~~~~~~~~~~~~~~~~~~~~~~~~~~~~~~~~~~~~~~~~~~~~~~~~~~~~~~~~~~~~~
[02/09/2013 14:03:25] INFO: Fin des écritures dans le journal
##=================================================================

##=================================================================
[02/09/2013 14:03:50] INFO: Début des écritures dans le journal
##~~~~~~~~~~~~~~~~~~~~~~~~~~~~~~~~~~~~~~~~~~~~~~~~~~~~~~~~~~~~~~~~~

[02/09/2013 14:03:50] INFO: Chargement du fichier des codes postaux
[02/09/2013 14:03:50] INFO: Fichier des codes postaux chargé

##~~~~~~~~~~~~~~~~~~~~~~~~~~~~~~~~~~~~~~~~~~~~~~~~~~~~~~~~~~~~~~~~~
[02/09/2013 14:07:30] INFO: Fin des écritures dans le journal
##=================================================================

##=================================================================
[02/09/2013 14:09:21] INFO: Début des écritures dans le journal
##~~~~~~~~~~~~~~~~~~~~~~~~~~~~~~~~~~~~~~~~~~~~~~~~~~~~~~~~~~~~~~~~~

[02/09/2013 14:09:21] INFO: Chargement du fichier des codes postaux
[02/09/2013 14:09:21] INFO: Fichier des codes postaux chargé
[02/09/2013 14:10:23] WARNING: Utilisateur non trouvé
[02/09/2013 14:10:23] WARNING: Tentative d''accès à une page sécurisée pour l''utilisateur: Anonyme [Page="/restricted/admin/data/client/list"]
[02/09/2013 14:10:29] WARNING: Utilisateur non trouvé
[02/09/2013 14:10:29] WARNING: Tentative d''accès à une page sécurisée pour l''utilisateur: Anonyme [Page="/restricted/admin/index"]
[02/09/2013 14:10:32] INFO: Connexion de l''utilisateur: Brian GOHIER [ADMIN](id=1)

##~~~~~~~~~~~~~~~~~~~~~~~~~~~~~~~~~~~~~~~~~~~~~~~~~~~~~~~~~~~~~~~~~
[02/09/2013 14:11:37] INFO: Fin des écritures dans le journal
##=================================================================

##=================================================================
[02/09/2013 14:36:10] INFO: Début des écritures dans le journal
##~~~~~~~~~~~~~~~~~~~~~~~~~~~~~~~~~~~~~~~~~~~~~~~~~~~~~~~~~~~~~~~~~

[02/09/2013 14:36:10] INFO: Chargement du fichier des codes postaux
[02/09/2013 14:36:11] INFO: Fichier des codes postaux chargé

##~~~~~~~~~~~~~~~~~~~~~~~~~~~~~~~~~~~~~~~~~~~~~~~~~~~~~~~~~~~~~~~~~
[02/09/2013 14:37:16] INFO: Fin des écritures dans le journal
##=================================================================

##=================================================================
[02/09/2013 14:37:41] INFO: Début des écritures dans le journal
##~~~~~~~~~~~~~~~~~~~~~~~~~~~~~~~~~~~~~~~~~~~~~~~~~~~~~~~~~~~~~~~~~

[02/09/2013 14:37:41] INFO: Chargement du fichier des codes postaux
[02/09/2013 14:37:42] INFO: Fichier des codes postaux chargé

##~~~~~~~~~~~~~~~~~~~~~~~~~~~~~~~~~~~~~~~~~~~~~~~~~~~~~~~~~~~~~~~~~
[02/09/2013 14:37:43] INFO: Fin des écritures dans le journal
##=================================================================

##=================================================================
[02/09/2013 15:49:13] INFO: Début des écritures dans le journal
##~~~~~~~~~~~~~~~~~~~~~~~~~~~~~~~~~~~~~~~~~~~~~~~~~~~~~~~~~~~~~~~~~

[02/09/2013 15:49:13] INFO: Chargement du fichier des codes postaux
[02/09/2013 15:49:15] INFO: Fichier des codes postaux chargé
[02/09/2013 15:49:40] WARNING: Utilisateur non trouvé
[02/09/2013 15:49:40] WARNING: Tentative d''accès à une page sécurisée pour l''utilisateur: Anonyme [Page="/restricted/admin/index"]
[02/09/2013 15:49:42] INFO: Connexion de l''utilisateur: Brian GOHIER [ADMIN](id=1)

##~~~~~~~~~~~~~~~~~~~~~~~~~~~~~~~~~~~~~~~~~~~~~~~~~~~~~~~~~~~~~~~~~
[02/09/2013 15:52:07] INFO: Fin des écritures dans le journal
##=================================================================

##=================================================================
[02/09/2013 15:52:10] INFO: Début des écritures dans le journal
##~~~~~~~~~~~~~~~~~~~~~~~~~~~~~~~~~~~~~~~~~~~~~~~~~~~~~~~~~~~~~~~~~

[02/09/2013 15:52:10] INFO: Chargement du fichier des codes postaux
[02/09/2013 15:52:10] INFO: Fichier des codes postaux chargé

##~~~~~~~~~~~~~~~~~~~~~~~~~~~~~~~~~~~~~~~~~~~~~~~~~~~~~~~~~~~~~~~~~
[02/09/2013 15:52:31] INFO: Fin des écritures dans le journal
##=================================================================

##=================================================================
[02/09/2013 15:55:16] INFO: Début des écritures dans le journal
##~~~~~~~~~~~~~~~~~~~~~~~~~~~~~~~~~~~~~~~~~~~~~~~~~~~~~~~~~~~~~~~~~

[02/09/2013 15:55:16] INFO: Chargement du fichier des codes postaux
[02/09/2013 15:55:17] INFO: Fichier des codes postaux chargé
[02/09/2013 15:55:24] INFO: Connexion de l''utilisateur: Brian GOHIER [ADMIN](id=1)

##~~~~~~~~~~~~~~~~~~~~~~~~~~~~~~~~~~~~~~~~~~~~~~~~~~~~~~~~~~~~~~~~~
[02/09/2013 16:00:58] INFO: Fin des écritures dans le journal
##=================================================================

##=================================================================
[02/09/2013 16:01:01] INFO: Début des écritures dans le journal
##~~~~~~~~~~~~~~~~~~~~~~~~~~~~~~~~~~~~~~~~~~~~~~~~~~~~~~~~~~~~~~~~~

[02/09/2013 16:01:01] INFO: Chargement du fichier des codes postaux
[02/09/2013 16:01:02] INFO: Fichier des codes postaux chargé

##~~~~~~~~~~~~~~~~~~~~~~~~~~~~~~~~~~~~~~~~~~~~~~~~~~~~~~~~~~~~~~~~~
[02/09/2013 16:06:37] INFO: Fin des écritures dans le journal
##=================================================================

##=================================================================
[02/09/2013 16:06:40] INFO: Début des écritures dans le journal
##~~~~~~~~~~~~~~~~~~~~~~~~~~~~~~~~~~~~~~~~~~~~~~~~~~~~~~~~~~~~~~~~~

[02/09/2013 16:06:40] INFO: Chargement du fichier des codes postaux
[02/09/2013 16:06:40] INFO: Fichier des codes postaux chargé

##~~~~~~~~~~~~~~~~~~~~~~~~~~~~~~~~~~~~~~~~~~~~~~~~~~~~~~~~~~~~~~~~~
[02/09/2013 16:07:43] INFO: Fin des écritures dans le journal
##=================================================================

##=================================================================
[02/09/2013 16:08:13] INFO: Début des écritures dans le journal
##~~~~~~~~~~~~~~~~~~~~~~~~~~~~~~~~~~~~~~~~~~~~~~~~~~~~~~~~~~~~~~~~~

[02/09/2013 16:08:13] INFO: Chargement du fichier des codes postaux
[02/09/2013 16:08:13] INFO: Fichier des codes postaux chargé

##~~~~~~~~~~~~~~~~~~~~~~~~~~~~~~~~~~~~~~~~~~~~~~~~~~~~~~~~~~~~~~~~~
[02/09/2013 16:09:25] INFO: Fin des écritures dans le journal
##=================================================================

##=================================================================
[02/09/2013 16:12:08] INFO: Début des écritures dans le journal
##~~~~~~~~~~~~~~~~~~~~~~~~~~~~~~~~~~~~~~~~~~~~~~~~~~~~~~~~~~~~~~~~~

[02/09/2013 16:12:08] INFO: Chargement du fichier des codes postaux
[02/09/2013 16:12:09] INFO: Fichier des codes postaux chargé

##~~~~~~~~~~~~~~~~~~~~~~~~~~~~~~~~~~~~~~~~~~~~~~~~~~~~~~~~~~~~~~~~~
[02/09/2013 16:12:39] INFO: Fin des écritures dans le journal
##=================================================================

##=================================================================
[02/09/2013 16:12:42] INFO: Début des écritures dans le journal
##~~~~~~~~~~~~~~~~~~~~~~~~~~~~~~~~~~~~~~~~~~~~~~~~~~~~~~~~~~~~~~~~~

[02/09/2013 16:12:42] INFO: Chargement du fichier des codes postaux
[02/09/2013 16:12:42] INFO: Fichier des codes postaux chargé

##~~~~~~~~~~~~~~~~~~~~~~~~~~~~~~~~~~~~~~~~~~~~~~~~~~~~~~~~~~~~~~~~~
[02/09/2013 16:22:36] INFO: Fin des écritures dans le journal
##=================================================================

##=================================================================
[02/09/2013 16:37:44] INFO: Début des écritures dans le journal
##~~~~~~~~~~~~~~~~~~~~~~~~~~~~~~~~~~~~~~~~~~~~~~~~~~~~~~~~~~~~~~~~~

[02/09/2013 16:37:44] INFO: Chargement du fichier des codes postaux
[02/09/2013 16:37:45] INFO: Fichier des codes postaux chargé

##~~~~~~~~~~~~~~~~~~~~~~~~~~~~~~~~~~~~~~~~~~~~~~~~~~~~~~~~~~~~~~~~~
[02/09/2013 16:41:17] INFO: Fin des écritures dans le journal
##=================================================================

##=================================================================
[02/09/2013 16:41:40] INFO: Début des écritures dans le journal
##~~~~~~~~~~~~~~~~~~~~~~~~~~~~~~~~~~~~~~~~~~~~~~~~~~~~~~~~~~~~~~~~~

[02/09/2013 16:41:40] INFO: Chargement du fichier des codes postaux
[02/09/2013 16:41:42] INFO: Fichier des codes postaux chargé

##~~~~~~~~~~~~~~~~~~~~~~~~~~~~~~~~~~~~~~~~~~~~~~~~~~~~~~~~~~~~~~~~~
[02/09/2013 16:45:34] INFO: Fin des écritures dans le journal
##=================================================================

##=================================================================
[02/09/2013 16:45:37] INFO: Début des écritures dans le journal
##~~~~~~~~~~~~~~~~~~~~~~~~~~~~~~~~~~~~~~~~~~~~~~~~~~~~~~~~~~~~~~~~~

[02/09/2013 16:45:37] INFO: Chargement du fichier des codes postaux
[02/09/2013 16:45:37] INFO: Fichier des codes postaux chargé

##~~~~~~~~~~~~~~~~~~~~~~~~~~~~~~~~~~~~~~~~~~~~~~~~~~~~~~~~~~~~~~~~~
[02/09/2013 16:46:25] INFO: Fin des écritures dans le journal
##=================================================================

##=================================================================
[02/09/2013 16:46:51] INFO: Début des écritures dans le journal
##~~~~~~~~~~~~~~~~~~~~~~~~~~~~~~~~~~~~~~~~~~~~~~~~~~~~~~~~~~~~~~~~~

[02/09/2013 16:46:51] INFO: Chargement du fichier des codes postaux
[02/09/2013 16:46:51] INFO: Fichier des codes postaux chargé

##~~~~~~~~~~~~~~~~~~~~~~~~~~~~~~~~~~~~~~~~~~~~~~~~~~~~~~~~~~~~~~~~~
[02/09/2013 17:10:32] INFO: Fin des écritures dans le journal
##=================================================================

##=================================================================
[02/09/2013 17:10:35] INFO: Début des écritures dans le journal
##~~~~~~~~~~~~~~~~~~~~~~~~~~~~~~~~~~~~~~~~~~~~~~~~~~~~~~~~~~~~~~~~~

[02/09/2013 17:10:35] INFO: Chargement du fichier des codes postaux
[02/09/2013 17:10:36] INFO: Fichier des codes postaux chargé

##~~~~~~~~~~~~~~~~~~~~~~~~~~~~~~~~~~~~~~~~~~~~~~~~~~~~~~~~~~~~~~~~~
[02/09/2013 17:13:43] INFO: Fin des écritures dans le journal
##=================================================================

##=================================================================
[02/09/2013 17:13:46] INFO: Début des écritures dans le journal
##~~~~~~~~~~~~~~~~~~~~~~~~~~~~~~~~~~~~~~~~~~~~~~~~~~~~~~~~~~~~~~~~~

[02/09/2013 17:13:46] INFO: Chargement du fichier des codes postaux
[02/09/2013 17:13:46] INFO: Fichier des codes postaux chargé

##~~~~~~~~~~~~~~~~~~~~~~~~~~~~~~~~~~~~~~~~~~~~~~~~~~~~~~~~~~~~~~~~~
[02/09/2013 17:14:36] INFO: Fin des écritures dans le journal
##=================================================================

##=================================================================
[02/09/2013 17:14:38] INFO: Début des écritures dans le journal
##~~~~~~~~~~~~~~~~~~~~~~~~~~~~~~~~~~~~~~~~~~~~~~~~~~~~~~~~~~~~~~~~~

[02/09/2013 17:14:38] INFO: Chargement du fichier des codes postaux
[02/09/2013 17:14:38] INFO: Fichier des codes postaux chargé

##~~~~~~~~~~~~~~~~~~~~~~~~~~~~~~~~~~~~~~~~~~~~~~~~~~~~~~~~~~~~~~~~~
[02/09/2013 17:16:00] INFO: Fin des écritures dans le journal
##=================================================================

##=================================================================
[02/09/2013 17:16:02] INFO: Début des écritures dans le journal
##~~~~~~~~~~~~~~~~~~~~~~~~~~~~~~~~~~~~~~~~~~~~~~~~~~~~~~~~~~~~~~~~~

[02/09/2013 17:16:02] INFO: Chargement du fichier des codes postaux
[02/09/2013 17:16:02] INFO: Fichier des codes postaux chargé

##~~~~~~~~~~~~~~~~~~~~~~~~~~~~~~~~~~~~~~~~~~~~~~~~~~~~~~~~~~~~~~~~~
[02/09/2013 17:16:10] INFO: Fin des écritures dans le journal
##=================================================================

##=================================================================
[02/09/2013 17:16:36] INFO: Début des écritures dans le journal
##~~~~~~~~~~~~~~~~~~~~~~~~~~~~~~~~~~~~~~~~~~~~~~~~~~~~~~~~~~~~~~~~~

[02/09/2013 17:16:36] INFO: Chargement du fichier des codes postaux
[02/09/2013 17:16:36] INFO: Fichier des codes postaux chargé

##~~~~~~~~~~~~~~~~~~~~~~~~~~~~~~~~~~~~~~~~~~~~~~~~~~~~~~~~~~~~~~~~~
[02/09/2013 17:18:16] INFO: Fin des écritures dans le journal
##=================================================================

##=================================================================
[02/09/2013 17:18:20] INFO: Début des écritures dans le journal
##~~~~~~~~~~~~~~~~~~~~~~~~~~~~~~~~~~~~~~~~~~~~~~~~~~~~~~~~~~~~~~~~~

[02/09/2013 17:18:20] INFO: Chargement du fichier des codes postaux
[02/09/2013 17:18:20] INFO: Fichier des codes postaux chargé

##~~~~~~~~~~~~~~~~~~~~~~~~~~~~~~~~~~~~~~~~~~~~~~~~~~~~~~~~~~~~~~~~~
[02/09/2013 17:18:54] INFO: Fin des écritures dans le journal
##=================================================================

##=================================================================
[02/09/2013 17:19:22] INFO: Début des écritures dans le journal
##~~~~~~~~~~~~~~~~~~~~~~~~~~~~~~~~~~~~~~~~~~~~~~~~~~~~~~~~~~~~~~~~~

[02/09/2013 17:19:22] INFO: Chargement du fichier des codes postaux
[02/09/2013 17:19:22] INFO: Fichier des codes postaux chargé

##~~~~~~~~~~~~~~~~~~~~~~~~~~~~~~~~~~~~~~~~~~~~~~~~~~~~~~~~~~~~~~~~~
[02/09/2013 17:21:48] INFO: Fin des écritures dans le journal
##=================================================================

##=================================================================
[02/09/2013 17:21:51] INFO: Début des écritures dans le journal
##~~~~~~~~~~~~~~~~~~~~~~~~~~~~~~~~~~~~~~~~~~~~~~~~~~~~~~~~~~~~~~~~~

[02/09/2013 17:21:51] INFO: Chargement du fichier des codes postaux
[02/09/2013 17:21:51] INFO: Fichier des codes postaux chargé

##~~~~~~~~~~~~~~~~~~~~~~~~~~~~~~~~~~~~~~~~~~~~~~~~~~~~~~~~~~~~~~~~~
[02/09/2013 17:21:59] INFO: Fin des écritures dans le journal
##=================================================================

##=================================================================
[02/09/2013 17:23:34] INFO: Début des écritures dans le journal
##~~~~~~~~~~~~~~~~~~~~~~~~~~~~~~~~~~~~~~~~~~~~~~~~~~~~~~~~~~~~~~~~~

[02/09/2013 17:23:34] INFO: Chargement du fichier des codes postaux
[02/09/2013 17:23:35] INFO: Fichier des codes postaux chargé

##~~~~~~~~~~~~~~~~~~~~~~~~~~~~~~~~~~~~~~~~~~~~~~~~~~~~~~~~~~~~~~~~~
[02/09/2013 17:24:15] INFO: Fin des écritures dans le journal
##=================================================================

##=================================================================
[02/09/2013 17:24:18] INFO: Début des écritures dans le journal
##~~~~~~~~~~~~~~~~~~~~~~~~~~~~~~~~~~~~~~~~~~~~~~~~~~~~~~~~~~~~~~~~~

[02/09/2013 17:24:18] INFO: Chargement du fichier des codes postaux
[02/09/2013 17:24:18] INFO: Fichier des codes postaux chargé

##~~~~~~~~~~~~~~~~~~~~~~~~~~~~~~~~~~~~~~~~~~~~~~~~~~~~~~~~~~~~~~~~~
[02/09/2013 17:25:10] INFO: Fin des écritures dans le journal
##=================================================================

##=================================================================
[02/09/2013 17:25:12] INFO: Début des écritures dans le journal
##~~~~~~~~~~~~~~~~~~~~~~~~~~~~~~~~~~~~~~~~~~~~~~~~~~~~~~~~~~~~~~~~~

[02/09/2013 17:25:12] INFO: Chargement du fichier des codes postaux
[02/09/2013 17:25:12] INFO: Fichier des codes postaux chargé
